# JRE version: OpenJDK Runtime Environment (11.0.13) (build 11.0.13+0-b1751.21-8125866)
# Java VM: OpenJDK 64-Bit Server VM (11.0.13+0-b1751.21-8125866, mixed mode, tiered, compressed oops, g1 gc, windows-amd64)
Heap:
 garbage-first heap   total 187392K, used 108920K [0x0000000080000000, 0x0000000100000000)
  region size 1024K, 14 young (14336K), 1 survivors (1024K)
 Metaspace       used 92333K, capacity 94510K, committed 95132K, reserved 1132544K
  class space    used 11702K, capacity 12520K, committed 12824K, reserved 1048576K
GC Heap History (20 events):
Event: 21.014 GC heap before
{Heap before GC invocations=18 (full 0):
 garbage-first heap   total 129024K, used 101379K [0x0000000080000000, 0x0000000100000000)
  region size 1024K, 47 young (48128K), 6 survivors (6144K)
 Metaspace       used 75364K, capacity 77061K, committed 77212K, reserved 1116160K
  class space    used 9726K, capacity 10392K, committed 10520K, reserved 1048576K
}
Event: 21.024 GC heap after
{Heap after GC invocations=19 (full 0):
 garbage-first heap   total 129024K, used 62069K [0x0000000080000000, 0x0000000100000000)
  region size 1024K, 6 young (6144K), 6 survivors (6144K)
 Metaspace       used 75364K, capacity 77061K, committed 77212K, reserved 1116160K
  class space    used 9726K, capacity 10392K, committed 10520K, reserved 1048576K
}
Event: 22.249 GC heap before
{Heap before GC invocations=19 (full 0):
 garbage-first heap   total 129024K, used 103029K [0x0000000080000000, 0x0000000100000000)
  region size 1024K, 46 young (47104K), 6 survivors (6144K)
 Metaspace       used 79926K, capacity 81782K, committed 81948K, reserved 1120256K
  class space    used 10405K, capacity 11106K, committed 11160K, reserved 1048576K
}
Event: 22.260 GC heap after
{Heap after GC invocations=20 (full 0):
 garbage-first heap   total 129024K, used 64847K [0x0000000080000000, 0x0000000100000000)
  region size 1024K, 6 young (6144K), 6 survivors (6144K)
 Metaspace       used 79926K, capacity 81782K, committed 81948K, reserved 1120256K
  class space    used 10405K, capacity 11106K, committed 11160K, reserved 1048576K
}
Event: 23.736 GC heap before
{Heap before GC invocations=20 (full 0):
 garbage-first heap   total 129024K, used 103759K [0x0000000080000000, 0x0000000100000000)
  region size 1024K, 45 young (46080K), 6 survivors (6144K)
 Metaspace       used 81725K, capacity 84005K, committed 84252K, reserved 1122304K
  class space    used 10717K, capacity 11589K, committed 11672K, reserved 1048576K
}
Event: 23.758 GC heap after
{Heap after GC invocations=21 (full 0):
 garbage-first heap   total 129024K, used 67893K [0x0000000080000000, 0x0000000100000000)
  region size 1024K, 6 young (6144K), 6 survivors (6144K)
 Metaspace       used 81725K, capacity 84005K, committed 84252K, reserved 1122304K
  class space    used 10717K, capacity 11589K, committed 11672K, reserved 1048576K
}
Event: 25.113 GC heap before
{Heap before GC invocations=22 (full 0):
 garbage-first heap   total 129024K, used 104757K [0x0000000080000000, 0x0000000100000000)
  region size 1024K, 43 young (44032K), 6 survivors (6144K)
 Metaspace       used 82111K, capacity 84472K, committed 84764K, reserved 1122304K
  class space    used 10728K, capacity 11604K, committed 11672K, reserved 1048576K
}
Event: 25.129 GC heap after
{Heap after GC invocations=23 (full 0):
 garbage-first heap   total 155648K, used 70104K [0x0000000080000000, 0x0000000100000000)
  region size 1024K, 6 young (6144K), 6 survivors (6144K)
 Metaspace       used 82111K, capacity 84472K, committed 84764K, reserved 1122304K
  class space    used 10728K, capacity 11604K, committed 11672K, reserved 1048576K
}
Event: 26.290 GC heap before
{Heap before GC invocations=23 (full 0):
 garbage-first heap   total 155648K, used 119256K [0x0000000080000000, 0x0000000100000000)
  region size 1024K, 53 young (54272K), 6 survivors (6144K)
 Metaspace       used 84110K, capacity 86427K, committed 86812K, reserved 1124352K
  class space    used 10907K, capacity 11783K, committed 11928K, reserved 1048576K
}
Event: 26.307 GC heap after
{Heap after GC invocations=24 (full 0):
 garbage-first heap   total 155648K, used 84891K [0x0000000080000000, 0x0000000100000000)
  region size 1024K, 7 young (7168K), 7 survivors (7168K)
 Metaspace       used 84110K, capacity 86427K, committed 86812K, reserved 1124352K
  class space    used 10907K, capacity 11783K, committed 11928K, reserved 1048576K
}
Event: 27.514 GC heap before
{Heap before GC invocations=24 (full 0):
 garbage-first heap   total 155648K, used 118683K [0x0000000080000000, 0x0000000100000000)
  region size 1024K, 41 young (41984K), 7 survivors (7168K)
 Metaspace       used 86843K, capacity 89207K, committed 89372K, reserved 1126400K
  class space    used 11241K, capacity 12114K, committed 12184K, reserved 1048576K
}
Event: 27.562 GC heap after
{Heap after GC invocations=25 (full 0):
 garbage-first heap   total 155648K, used 92909K [0x0000000080000000, 0x0000000100000000)
  region size 1024K, 6 young (6144K), 6 survivors (6144K)
 Metaspace       used 86843K, capacity 89207K, committed 89372K, reserved 1126400K
  class space    used 11241K, capacity 12114K, committed 12184K, reserved 1048576K
}
Event: 28.580 GC heap before
{Heap before GC invocations=26 (full 0):
 garbage-first heap   total 155648K, used 135917K [0x0000000080000000, 0x0000000100000000)
  region size 1024K, 32 young (32768K), 6 survivors (6144K)
 Metaspace       used 89148K, capacity 91211K, committed 91932K, reserved 1128448K
  class space    used 11381K, capacity 12168K, committed 12440K, reserved 1048576K
}
Event: 28.593 GC heap after
{Heap after GC invocations=27 (full 0):
 garbage-first heap   total 155648K, used 91499K [0x0000000080000000, 0x0000000100000000)
  region size 1024K, 3 young (3072K), 3 survivors (3072K)
 Metaspace       used 89148K, capacity 91211K, committed 91932K, reserved 1128448K
  class space    used 11381K, capacity 12168K, committed 12440K, reserved 1048576K
}
Event: 29.519 GC heap before
{Heap before GC invocations=27 (full 0):
 garbage-first heap   total 155648K, used 118123K [0x0000000080000000, 0x0000000100000000)
  region size 1024K, 30 young (30720K), 3 survivors (3072K)
 Metaspace       used 90069K, capacity 92168K, committed 92828K, reserved 1130496K
  class space    used 11466K, capacity 12305K, committed 12568K, reserved 1048576K
}
Event: 29.537 GC heap after
{Heap after GC invocations=28 (full 0):
 garbage-first heap   total 187392K, used 92332K [0x0000000080000000, 0x0000000100000000)
  region size 1024K, 3 young (3072K), 3 survivors (3072K)
 Metaspace       used 90069K, capacity 92168K, committed 92828K, reserved 1130496K
  class space    used 11466K, capacity 12305K, committed 12568K, reserved 1048576K
}
Event: 30.951 GC heap before
{Heap before GC invocations=29 (full 0):
 garbage-first heap   total 187392K, used 135340K [0x0000000080000000, 0x0000000100000000)
  region size 1024K, 46 young (47104K), 3 survivors (3072K)
 Metaspace       used 91332K, capacity 93472K, committed 94236K, reserved 1130496K
  class space    used 11599K, capacity 12411K, committed 12696K, reserved 1048576K
}
Event: 30.963 GC heap after
{Heap after GC invocations=30 (full 0):
 garbage-first heap   total 187392K, used 96469K [0x0000000080000000, 0x0000000100000000)
  region size 1024K, 6 young (6144K), 6 survivors (6144K)
 Metaspace       used 91332K, capacity 93472K, committed 94236K, reserved 1130496K
  class space    used 11599K, capacity 12411K, committed 12696K, reserved 1048576K
}
Event: 31.078 GC heap before
{Heap before GC invocations=30 (full 0):
 garbage-first heap   total 187392K, used 99541K [0x0000000080000000, 0x0000000100000000)
  region size 1024K, 9 young (9216K), 6 survivors (6144K)
 Metaspace       used 91685K, capacity 93867K, committed 94620K, reserved 1130496K
  class space    used 11642K, capacity 12477K, committed 12824K, reserved 1048576K
}
Event: 31.086 GC heap after
{Heap after GC invocations=31 (full 0):
 garbage-first heap   total 187392K, used 96632K [0x0000000080000000, 0x0000000100000000)
  region size 1024K, 1 young (1024K), 1 survivors (1024K)
 Metaspace       used 91685K, capacity 93867K, committed 94620K, reserved 1130496K
  class space    used 11642K, capacity 12477K, committed 12824K, reserved 1048576K
}

