# JRE version: OpenJDK Runtime Environment (11.0.13) (build 11.0.13+0-b1751.21-8125866)
# Java VM: OpenJDK 64-Bit Server VM (11.0.13+0-b1751.21-8125866, mixed mode, tiered, compressed oops, g1 gc, windows-amd64)
Heap:
 garbage-first heap   total 583680K, used 277504K [0x0000000080000000, 0x0000000100000000)
  region size 1024K, 2 young (2048K), 2 survivors (2048K)
 Metaspace       used 123300K, capacity 125755K, committed 126032K, reserved 1159168K
  class space    used 15088K, capacity 16024K, committed 16076K, reserved 1048576K
GC Heap History (20 events):
Event: 51.601 GC heap after
{Heap after GC invocations=50 (full 0):
 garbage-first heap   total 225280K, used 184565K [0x0000000080000000, 0x0000000100000000)
  region size 1024K, 3 young (3072K), 3 survivors (3072K)
 Metaspace       used 123191K, capacity 125687K, committed 125776K, reserved 1159168K
  class space    used 15088K, capacity 16024K, committed 16076K, reserved 1048576K
}
Event: 51.650 GC heap before
{Heap before GC invocations=50 (full 0):
 garbage-first heap   total 225280K, used 191733K [0x0000000080000000, 0x0000000100000000)
  region size 1024K, 11 young (11264K), 3 survivors (3072K)
 Metaspace       used 123192K, capacity 125687K, committed 125776K, reserved 1159168K
  class space    used 15088K, capacity 16024K, committed 16076K, reserved 1048576K
}
Event: 51.659 GC heap after
{Heap after GC invocations=51 (full 0):
 garbage-first heap   total 225280K, used 193536K [0x0000000080000000, 0x0000000100000000)
  region size 1024K, 2 young (2048K), 2 survivors (2048K)
 Metaspace       used 123192K, capacity 125687K, committed 125776K, reserved 1159168K
  class space    used 15088K, capacity 16024K, committed 16076K, reserved 1048576K
}
Event: 51.678 GC heap before
{Heap before GC invocations=51 (full 0):
 garbage-first heap   total 225280K, used 202752K [0x0000000080000000, 0x0000000100000000)
  region size 1024K, 11 young (11264K), 2 survivors (2048K)
 Metaspace       used 123192K, capacity 125687K, committed 125776K, reserved 1159168K
  class space    used 15088K, capacity 16024K, committed 16076K, reserved 1048576K
}
Event: 51.692 GC heap after
{Heap after GC invocations=52 (full 0):
 garbage-first heap   total 225280K, used 203628K [0x0000000080000000, 0x0000000100000000)
  region size 1024K, 2 young (2048K), 2 survivors (2048K)
 Metaspace       used 123192K, capacity 125687K, committed 125776K, reserved 1159168K
  class space    used 15088K, capacity 16024K, committed 16076K, reserved 1048576K
}
Event: 51.724 GC heap before
{Heap before GC invocations=52 (full 0):
 garbage-first heap   total 225280K, used 212844K [0x0000000080000000, 0x0000000100000000)
  region size 1024K, 11 young (11264K), 2 survivors (2048K)
 Metaspace       used 123192K, capacity 125687K, committed 125776K, reserved 1159168K
  class space    used 15088K, capacity 16024K, committed 16076K, reserved 1048576K
}
Event: 51.734 GC heap after
{Heap after GC invocations=53 (full 0):
 garbage-first heap   total 225280K, used 213656K [0x0000000080000000, 0x0000000100000000)
  region size 1024K, 2 young (2048K), 2 survivors (2048K)
 Metaspace       used 123192K, capacity 125687K, committed 125776K, reserved 1159168K
  class space    used 15088K, capacity 16024K, committed 16076K, reserved 1048576K
}
Event: 51.782 GC heap before
{Heap before GC invocations=53 (full 0):
 garbage-first heap   total 225280K, used 222872K [0x0000000080000000, 0x0000000100000000)
  region size 1024K, 11 young (11264K), 2 survivors (2048K)
 Metaspace       used 123192K, capacity 125687K, committed 125776K, reserved 1159168K
  class space    used 15088K, capacity 16024K, committed 16076K, reserved 1048576K
}
Event: 51.796 GC heap after
{Heap after GC invocations=54 (full 0):
 garbage-first heap   total 234496K, used 222435K [0x0000000080000000, 0x0000000100000000)
  region size 1024K, 2 young (2048K), 2 survivors (2048K)
 Metaspace       used 123192K, capacity 125687K, committed 125776K, reserved 1159168K
  class space    used 15088K, capacity 16024K, committed 16076K, reserved 1048576K
}
Event: 51.906 GC heap before
{Heap before GC invocations=54 (full 0):
 garbage-first heap   total 234496K, used 231651K [0x0000000080000000, 0x0000000100000000)
  region size 1024K, 11 young (11264K), 2 survivors (2048K)
 Metaspace       used 123232K, capacity 125689K, committed 125776K, reserved 1159168K
  class space    used 15088K, capacity 16024K, committed 16076K, reserved 1048576K
}
Event: 51.914 GC heap after
{Heap after GC invocations=55 (full 0):
 garbage-first heap   total 236544K, used 224393K [0x0000000080000000, 0x0000000100000000)
  region size 1024K, 2 young (2048K), 2 survivors (2048K)
 Metaspace       used 123232K, capacity 125689K, committed 125776K, reserved 1159168K
  class space    used 15088K, capacity 16024K, committed 16076K, reserved 1048576K
}
Event: 52.041 GC heap before
{Heap before GC invocations=55 (full 0):
 garbage-first heap   total 236544K, used 233609K [0x0000000080000000, 0x0000000100000000)
  region size 1024K, 11 young (11264K), 2 survivors (2048K)
 Metaspace       used 123300K, capacity 125755K, committed 126032K, reserved 1159168K
  class space    used 15088K, capacity 16024K, committed 16076K, reserved 1048576K
}
Event: 52.050 GC heap after
{Heap after GC invocations=56 (full 0):
 garbage-first heap   total 287744K, used 227417K [0x0000000080000000, 0x0000000100000000)
  region size 1024K, 2 young (2048K), 2 survivors (2048K)
 Metaspace       used 123300K, capacity 125755K, committed 126032K, reserved 1159168K
  class space    used 15088K, capacity 16024K, committed 16076K, reserved 1048576K
}
Event: 52.220 GC heap before
{Heap before GC invocations=56 (full 0):
 garbage-first heap   total 287744K, used 238681K [0x0000000080000000, 0x0000000100000000)
  region size 1024K, 14 young (14336K), 2 survivors (2048K)
 Metaspace       used 123300K, capacity 125755K, committed 126032K, reserved 1159168K
  class space    used 15088K, capacity 16024K, committed 16076K, reserved 1048576K
}
Event: 52.230 GC heap after
{Heap after GC invocations=57 (full 0):
 garbage-first heap   total 287744K, used 239560K [0x0000000080000000, 0x0000000100000000)
  region size 1024K, 2 young (2048K), 2 survivors (2048K)
 Metaspace       used 123300K, capacity 125755K, committed 126032K, reserved 1159168K
  class space    used 15088K, capacity 16024K, committed 16076K, reserved 1048576K
}
Event: 52.303 GC heap before
{Heap before GC invocations=57 (full 0):
 garbage-first heap   total 287744K, used 250824K [0x0000000080000000, 0x0000000100000000)
  region size 1024K, 14 young (14336K), 2 survivors (2048K)
 Metaspace       used 123300K, capacity 125755K, committed 126032K, reserved 1159168K
  class space    used 15088K, capacity 16024K, committed 16076K, reserved 1048576K
}
Event: 52.320 GC heap after
{Heap after GC invocations=58 (full 0):
 garbage-first heap   total 287744K, used 252436K [0x0000000080000000, 0x0000000100000000)
  region size 1024K, 2 young (2048K), 2 survivors (2048K)
 Metaspace       used 123300K, capacity 125755K, committed 126032K, reserved 1159168K
  class space    used 15088K, capacity 16024K, committed 16076K, reserved 1048576K
}
Event: 52.352 GC heap before
{Heap before GC invocations=58 (full 0):
 garbage-first heap   total 287744K, used 264724K [0x0000000080000000, 0x0000000100000000)
  region size 1024K, 14 young (14336K), 2 survivors (2048K)
 Metaspace       used 123300K, capacity 125755K, committed 126032K, reserved 1159168K
  class space    used 15088K, capacity 16024K, committed 16076K, reserved 1048576K
}
Event: 52.370 GC heap after
{Heap after GC invocations=59 (full 0):
 garbage-first heap   total 287744K, used 265754K [0x0000000080000000, 0x0000000100000000)
  region size 1024K, 2 young (2048K), 2 survivors (2048K)
 Metaspace       used 123300K, capacity 125755K, committed 126032K, reserved 1159168K
  class space    used 15088K, capacity 16024K, committed 16076K, reserved 1048576K
}
Event: 52.410 GC heap before
{Heap before GC invocations=60 (full 0):
 garbage-first heap   total 287744K, used 278042K [0x0000000080000000, 0x0000000100000000)
  region size 1024K, 14 young (14336K), 2 survivors (2048K)
 Metaspace       used 123300K, capacity 125755K, committed 126032K, reserved 1159168K
  class space    used 15088K, capacity 16024K, committed 16076K, reserved 1048576K
}

