# JRE version: OpenJDK Runtime Environment (11.0.13) (build 11.0.13+0-b1751.21-8125866)
# Java VM: OpenJDK 64-Bit Server VM (11.0.13+0-b1751.21-8125866, mixed mode, tiered, compressed oops, g1 gc, windows-amd64)
Heap:
 garbage-first heap   total 766976K, used 163560K [0x0000000080000000, 0x0000000100000000)
  region size 1024K, 2 young (2048K), 2 survivors (2048K)
 Metaspace       used 122874K, capacity 126047K, committed 126160K, reserved 1159168K
  class space    used 15348K, capacity 16583K, committed 16672K, reserved 1048576K
GC Heap History (20 events):
Event: 81.332 GC heap after
{Heap after GC invocations=54 (full 0):
 garbage-first heap   total 190464K, used 180633K [0x0000000080000000, 0x0000000100000000)
  region size 1024K, 2 young (2048K), 2 survivors (2048K)
 Metaspace       used 113348K, capacity 116203K, committed 116432K, reserved 1150976K
  class space    used 14071K, capacity 15123K, committed 15136K, reserved 1048576K
}
Event: 81.500 GC heap before
{Heap before GC invocations=55 (full 0):
 garbage-first heap   total 190464K, used 187801K [0x0000000080000000, 0x0000000100000000)
  region size 1024K, 9 young (9216K), 2 survivors (2048K)
 Metaspace       used 114287K, capacity 117181K, committed 117328K, reserved 1150976K
  class space    used 14213K, capacity 15256K, committed 15264K, reserved 1048576K
}
Event: 81.501 GC heap after
{Heap after GC invocations=56 (full 0):
 garbage-first heap   total 191488K, used 181058K [0x0000000080000000, 0x0000000100000000)
  region size 1024K, 1 young (1024K), 1 survivors (1024K)
 Metaspace       used 114287K, capacity 117181K, committed 117328K, reserved 1150976K
  class space    used 14213K, capacity 15256K, committed 15264K, reserved 1048576K
}
Event: 81.595 GC heap before
{Heap before GC invocations=56 (full 0):
 garbage-first heap   total 191488K, used 189250K [0x0000000080000000, 0x0000000100000000)
  region size 1024K, 9 young (9216K), 1 survivors (1024K)
 Metaspace       used 115312K, capacity 118211K, committed 118352K, reserved 1153024K
  class space    used 14379K, capacity 15449K, committed 15520K, reserved 1048576K
}
Event: 81.603 GC heap after
{Heap after GC invocations=57 (full 0):
 garbage-first heap   total 236544K, used 176859K [0x0000000080000000, 0x0000000100000000)
  region size 1024K, 1 young (1024K), 1 survivors (1024K)
 Metaspace       used 115312K, capacity 118211K, committed 118352K, reserved 1153024K
  class space    used 14379K, capacity 15449K, committed 15520K, reserved 1048576K
}
Event: 81.809 GC heap before
{Heap before GC invocations=57 (full 0):
 garbage-first heap   total 236544K, used 191195K [0x0000000080000000, 0x0000000100000000)
  region size 1024K, 15 young (15360K), 1 survivors (1024K)
 Metaspace       used 116265K, capacity 119138K, committed 119248K, reserved 1153024K
  class space    used 14458K, capacity 15561K, committed 15648K, reserved 1048576K
}
Event: 81.814 GC heap after
{Heap after GC invocations=58 (full 0):
 garbage-first heap   total 236544K, used 184320K [0x0000000080000000, 0x0000000100000000)
  region size 1024K, 2 young (2048K), 2 survivors (2048K)
 Metaspace       used 116265K, capacity 119138K, committed 119248K, reserved 1153024K
  class space    used 14458K, capacity 15561K, committed 15648K, reserved 1048576K
}
Event: 81.903 GC heap before
{Heap before GC invocations=58 (full 0):
 garbage-first heap   total 236544K, used 195584K [0x0000000080000000, 0x0000000100000000)
  region size 1024K, 13 young (13312K), 2 survivors (2048K)
 Metaspace       used 116265K, capacity 119138K, committed 119248K, reserved 1153024K
  class space    used 14458K, capacity 15561K, committed 15648K, reserved 1048576K
}
Event: 81.910 GC heap after
{Heap after GC invocations=59 (full 0):
 garbage-first heap   total 236544K, used 195777K [0x0000000080000000, 0x0000000100000000)
  region size 1024K, 2 young (2048K), 2 survivors (2048K)
 Metaspace       used 116265K, capacity 119138K, committed 119248K, reserved 1153024K
  class space    used 14458K, capacity 15561K, committed 15648K, reserved 1048576K
}
Event: 81.962 GC heap before
{Heap before GC invocations=59 (full 0):
 garbage-first heap   total 236544K, used 203969K [0x0000000080000000, 0x0000000100000000)
  region size 1024K, 11 young (11264K), 2 survivors (2048K)
 Metaspace       used 116265K, capacity 119138K, committed 119248K, reserved 1153024K
  class space    used 14458K, capacity 15561K, committed 15648K, reserved 1048576K
}
Event: 81.969 GC heap after
{Heap after GC invocations=60 (full 0):
 garbage-first heap   total 236544K, used 204800K [0x0000000080000000, 0x0000000100000000)
  region size 1024K, 2 young (2048K), 2 survivors (2048K)
 Metaspace       used 116265K, capacity 119138K, committed 119248K, reserved 1153024K
  class space    used 14458K, capacity 15561K, committed 15648K, reserved 1048576K
}
Event: 81.993 GC heap before
{Heap before GC invocations=60 (full 0):
 garbage-first heap   total 236544K, used 214016K [0x0000000080000000, 0x0000000100000000)
  region size 1024K, 11 young (11264K), 2 survivors (2048K)
 Metaspace       used 116265K, capacity 119138K, committed 119248K, reserved 1153024K
  class space    used 14458K, capacity 15561K, committed 15648K, reserved 1048576K
}
Event: 82.010 GC heap after
{Heap after GC invocations=61 (full 0):
 garbage-first heap   total 404480K, used 211968K [0x0000000080000000, 0x0000000100000000)
  region size 1024K, 2 young (2048K), 2 survivors (2048K)
 Metaspace       used 116265K, capacity 119138K, committed 119248K, reserved 1153024K
  class space    used 14458K, capacity 15561K, committed 15648K, reserved 1048576K
}
Event: 82.471 GC heap before
{Heap before GC invocations=62 (full 0):
 garbage-first heap   total 404480K, used 272384K [0x0000000080000000, 0x0000000100000000)
  region size 1024K, 61 young (62464K), 2 survivors (2048K)
 Metaspace       used 116351K, capacity 119331K, committed 119504K, reserved 1153024K
  class space    used 14458K, capacity 15561K, committed 15648K, reserved 1048576K
}
Event: 82.501 GC heap after
{Heap after GC invocations=63 (full 0):
 garbage-first heap   total 404480K, used 257195K [0x0000000080000000, 0x0000000100000000)
  region size 1024K, 8 young (8192K), 8 survivors (8192K)
 Metaspace       used 116351K, capacity 119331K, committed 119504K, reserved 1153024K
  class space    used 14458K, capacity 15561K, committed 15648K, reserved 1048576K
}
Event: 82.578 GC heap before
{Heap before GC invocations=63 (full 0):
 garbage-first heap   total 404480K, used 297131K [0x0000000080000000, 0x0000000100000000)
  region size 1024K, 47 young (48128K), 8 survivors (8192K)
 Metaspace       used 116418K, capacity 119331K, committed 119504K, reserved 1153024K
  class space    used 14460K, capacity 15561K, committed 15648K, reserved 1048576K
}
Event: 82.601 GC heap after
{Heap after GC invocations=64 (full 0):
 garbage-first heap   total 404480K, used 282112K [0x0000000080000000, 0x0000000100000000)
  region size 1024K, 6 young (6144K), 6 survivors (6144K)
 Metaspace       used 116418K, capacity 119331K, committed 119504K, reserved 1153024K
  class space    used 14460K, capacity 15561K, committed 15648K, reserved 1048576K
}
Event: 83.071 GC heap before
{Heap before GC invocations=64 (full 0):
 garbage-first heap   total 404480K, used 310784K [0x0000000080000000, 0x0000000100000000)
  region size 1024K, 35 young (35840K), 6 survivors (6144K)
 Metaspace       used 117636K, capacity 120541K, committed 120656K, reserved 1155072K
  class space    used 14608K, capacity 15714K, committed 15776K, reserved 1048576K
}
Event: 83.079 GC heap after
{Heap after GC invocations=65 (full 0):
 garbage-first heap   total 404480K, used 287856K [0x0000000080000000, 0x0000000100000000)
  region size 1024K, 4 young (4096K), 4 survivors (4096K)
 Metaspace       used 117636K, capacity 120541K, committed 120656K, reserved 1155072K
  class space    used 14608K, capacity 15714K, committed 15776K, reserved 1048576K
}
Event: 83.575 GC heap before
{Heap before GC invocations=66 (full 0):
 garbage-first heap   total 404480K, used 191088K [0x0000000080000000, 0x0000000100000000)
  region size 1024K, 34 young (34816K), 4 survivors (4096K)
 Metaspace       used 122874K, capacity 126047K, committed 126160K, reserved 1159168K
  class space    used 15348K, capacity 16583K, committed 16672K, reserved 1048576K
}

