# JRE version: OpenJDK Runtime Environment (11.0.13) (build 11.0.13+0-b1751.21-8125866)
# Java VM: OpenJDK 64-Bit Server VM (11.0.13+0-b1751.21-8125866, mixed mode, tiered, compressed oops, g1 gc, windows-amd64)
Heap:
 garbage-first heap   total 281600K, used 171847K [0x0000000080000000, 0x0000000100000000)
  region size 1024K, 1 young (1024K), 1 survivors (1024K)
 Metaspace       used 114349K, capacity 116988K, committed 117268K, reserved 1150976K
  class space    used 14182K, capacity 15180K, committed 15308K, reserved 1048576K
GC Heap History (20 events):
Event: 53.772 GC heap after
{Heap after GC invocations=48 (full 0):
 garbage-first heap   total 187392K, used 122722K [0x0000000080000000, 0x0000000100000000)
  region size 1024K, 2 young (2048K), 2 survivors (2048K)
 Metaspace       used 109944K, capacity 112590K, committed 112788K, reserved 1146880K
  class space    used 13609K, capacity 14553K, committed 14668K, reserved 1048576K
}
Event: 53.909 GC heap before
{Heap before GC invocations=48 (full 0):
 garbage-first heap   total 187392K, used 128866K [0x0000000080000000, 0x0000000100000000)
  region size 1024K, 9 young (9216K), 2 survivors (2048K)
 Metaspace       used 110782K, capacity 113422K, committed 113684K, reserved 1148928K
  class space    used 13718K, capacity 14681K, committed 14796K, reserved 1048576K
}
Event: 53.917 GC heap after
{Heap after GC invocations=49 (full 0):
 garbage-first heap   total 187392K, used 122312K [0x0000000080000000, 0x0000000100000000)
  region size 1024K, 2 young (2048K), 2 survivors (2048K)
 Metaspace       used 110782K, capacity 113422K, committed 113684K, reserved 1148928K
  class space    used 13718K, capacity 14681K, committed 14796K, reserved 1048576K
}
Event: 54.190 GC heap before
{Heap before GC invocations=49 (full 0):
 garbage-first heap   total 187392K, used 153032K [0x0000000080000000, 0x0000000100000000)
  region size 1024K, 32 young (32768K), 2 survivors (2048K)
 Metaspace       used 110919K, capacity 113557K, committed 113684K, reserved 1148928K
  class space    used 13721K, capacity 14682K, committed 14796K, reserved 1048576K
}
Event: 54.208 GC heap after
{Heap after GC invocations=50 (full 0):
 garbage-first heap   total 187392K, used 149611K [0x0000000080000000, 0x0000000100000000)
  region size 1024K, 4 young (4096K), 4 survivors (4096K)
 Metaspace       used 110919K, capacity 113557K, committed 113684K, reserved 1148928K
  class space    used 13721K, capacity 14682K, committed 14796K, reserved 1048576K
}
Event: 54.233 GC heap before
{Heap before GC invocations=50 (full 0):
 garbage-first heap   total 187392K, used 157803K [0x0000000080000000, 0x0000000100000000)
  region size 1024K, 12 young (12288K), 4 survivors (4096K)
 Metaspace       used 110920K, capacity 113557K, committed 113684K, reserved 1148928K
  class space    used 13721K, capacity 14682K, committed 14796K, reserved 1048576K
}
Event: 54.243 GC heap after
{Heap after GC invocations=51 (full 0):
 garbage-first heap   total 187392K, used 157628K [0x0000000080000000, 0x0000000100000000)
  region size 1024K, 2 young (2048K), 2 survivors (2048K)
 Metaspace       used 110920K, capacity 113557K, committed 113684K, reserved 1148928K
  class space    used 13721K, capacity 14682K, committed 14796K, reserved 1048576K
}
Event: 54.263 GC heap before
{Heap before GC invocations=51 (full 0):
 garbage-first heap   total 187392K, used 164796K [0x0000000080000000, 0x0000000100000000)
  region size 1024K, 9 young (9216K), 2 survivors (2048K)
 Metaspace       used 110920K, capacity 113557K, committed 113684K, reserved 1148928K
  class space    used 13721K, capacity 14682K, committed 14796K, reserved 1048576K
}
Event: 54.272 GC heap after
{Heap after GC invocations=52 (full 0):
 garbage-first heap   total 187392K, used 163610K [0x0000000080000000, 0x0000000100000000)
  region size 1024K, 2 young (2048K), 2 survivors (2048K)
 Metaspace       used 110920K, capacity 113557K, committed 113684K, reserved 1148928K
  class space    used 13721K, capacity 14682K, committed 14796K, reserved 1048576K
}
Event: 54.302 GC heap before
{Heap before GC invocations=52 (full 0):
 garbage-first heap   total 187392K, used 170778K [0x0000000080000000, 0x0000000100000000)
  region size 1024K, 9 young (9216K), 2 survivors (2048K)
 Metaspace       used 110920K, capacity 113557K, committed 113684K, reserved 1148928K
  class space    used 13721K, capacity 14682K, committed 14796K, reserved 1048576K
}
Event: 54.308 GC heap after
{Heap after GC invocations=53 (full 0):
 garbage-first heap   total 187392K, used 169125K [0x0000000080000000, 0x0000000100000000)
  region size 1024K, 2 young (2048K), 2 survivors (2048K)
 Metaspace       used 110920K, capacity 113557K, committed 113684K, reserved 1148928K
  class space    used 13721K, capacity 14682K, committed 14796K, reserved 1048576K
}
Event: 54.356 GC heap before
{Heap before GC invocations=53 (full 0):
 garbage-first heap   total 187392K, used 175269K [0x0000000080000000, 0x0000000100000000)
  region size 1024K, 9 young (9216K), 2 survivors (2048K)
 Metaspace       used 111056K, capacity 113685K, committed 113940K, reserved 1148928K
  class space    used 13737K, capacity 14682K, committed 14796K, reserved 1048576K
}
Event: 54.363 GC heap after
{Heap after GC invocations=54 (full 0):
 garbage-first heap   total 187392K, used 174080K [0x0000000080000000, 0x0000000100000000)
  region size 1024K, 2 young (2048K), 2 survivors (2048K)
 Metaspace       used 111056K, capacity 113685K, committed 113940K, reserved 1148928K
  class space    used 13737K, capacity 14682K, committed 14796K, reserved 1048576K
}
Event: 54.502 GC heap before
{Heap before GC invocations=54 (full 0):
 garbage-first heap   total 187392K, used 180224K [0x0000000080000000, 0x0000000100000000)
  region size 1024K, 9 young (9216K), 2 survivors (2048K)
 Metaspace       used 111434K, capacity 114069K, committed 114196K, reserved 1148928K
  class space    used 13781K, capacity 14746K, committed 14796K, reserved 1048576K
}
Event: 54.507 GC heap after
{Heap after GC invocations=55 (full 0):
 garbage-first heap   total 187392K, used 175990K [0x0000000080000000, 0x0000000100000000)
  region size 1024K, 2 young (2048K), 2 survivors (2048K)
 Metaspace       used 111434K, capacity 114069K, committed 114196K, reserved 1148928K
  class space    used 13781K, capacity 14746K, committed 14796K, reserved 1048576K
}
Event: 54.843 GC heap before
{Heap before GC invocations=56 (full 0):
 garbage-first heap   total 187392K, used 182134K [0x0000000080000000, 0x0000000100000000)
  region size 1024K, 9 young (9216K), 2 survivors (2048K)
 Metaspace       used 112145K, capacity 114791K, committed 115092K, reserved 1148928K
  class space    used 13872K, capacity 14815K, committed 14924K, reserved 1048576K
}
Event: 54.845 GC heap after
{Heap after GC invocations=57 (full 0):
 garbage-first heap   total 187392K, used 176503K [0x0000000080000000, 0x0000000100000000)
  region size 1024K, 1 young (1024K), 1 survivors (1024K)
 Metaspace       used 112145K, capacity 114791K, committed 115092K, reserved 1148928K
  class space    used 13872K, capacity 14815K, committed 14924K, reserved 1048576K
}
Event: 55.028 GC heap before
{Heap before GC invocations=57 (full 0):
 garbage-first heap   total 187392K, used 184695K [0x0000000080000000, 0x0000000100000000)
  region size 1024K, 9 young (9216K), 1 survivors (1024K)
 Metaspace       used 113147K, capacity 115757K, committed 115988K, reserved 1150976K
  class space    used 14054K, capacity 15008K, committed 15052K, reserved 1048576K
}
Event: 55.056 GC heap after
{Heap after GC invocations=58 (full 0):
 garbage-first heap   total 191488K, used 171630K [0x0000000080000000, 0x0000000100000000)
  region size 1024K, 1 young (1024K), 1 survivors (1024K)
 Metaspace       used 113147K, capacity 115757K, committed 115988K, reserved 1150976K
  class space    used 14054K, capacity 15008K, committed 15052K, reserved 1048576K
}
Event: 55.404 GC heap before
{Heap before GC invocations=58 (full 0):
 garbage-first heap   total 191488K, used 178798K [0x0000000080000000, 0x0000000100000000)
  region size 1024K, 9 young (9216K), 1 survivors (1024K)
 Metaspace       used 114349K, capacity 116988K, committed 117268K, reserved 1150976K
  class space    used 14182K, capacity 15180K, committed 15308K, reserved 1048576K
}

