# JRE version: OpenJDK Runtime Environment (11.0.13) (build 11.0.13+0-b1751.21-8125866)
# Java VM: OpenJDK 64-Bit Server VM (11.0.13+0-b1751.21-8125866, mixed mode, tiered, compressed oops, g1 gc, windows-amd64)
Heap:
 garbage-first heap   total 752640K, used 175421K [0x0000000080000000, 0x0000000100000000)
  region size 1024K, 2 young (2048K), 2 survivors (2048K)
 Metaspace       used 110153K, capacity 112959K, committed 113104K, reserved 1146880K
  class space    used 13682K, capacity 14758K, committed 14880K, reserved 1048576K
GC Heap History (20 events):
Event: 125.305 GC heap after
{Heap after GC invocations=43 (full 0):
 garbage-first heap   total 187392K, used 170573K [0x0000000080000000, 0x0000000100000000)
  region size 1024K, 1 young (1024K), 1 survivors (1024K)
 Metaspace       used 106529K, capacity 109239K, committed 109520K, reserved 1144832K
  class space    used 13318K, capacity 14340K, committed 14368K, reserved 1048576K
}
Event: 125.531 GC heap before
{Heap before GC invocations=44 (full 0):
 garbage-first heap   total 187392K, used 178765K [0x0000000080000000, 0x0000000100000000)
  region size 1024K, 9 young (9216K), 1 survivors (1024K)
 Metaspace       used 107544K, capacity 110296K, committed 110416K, reserved 1144832K
  class space    used 13410K, capacity 14453K, committed 14496K, reserved 1048576K
}
Event: 125.534 GC heap after
{Heap after GC invocations=45 (full 0):
 garbage-first heap   total 225280K, used 171233K [0x0000000080000000, 0x0000000100000000)
  region size 1024K, 2 young (2048K), 2 survivors (2048K)
 Metaspace       used 107544K, capacity 110296K, committed 110416K, reserved 1144832K
  class space    used 13410K, capacity 14453K, committed 14496K, reserved 1048576K
}
Event: 125.589 GC heap before
{Heap before GC invocations=45 (full 0):
 garbage-first heap   total 225280K, used 179425K [0x0000000080000000, 0x0000000100000000)
  region size 1024K, 11 young (11264K), 2 survivors (2048K)
 Metaspace       used 107545K, capacity 110296K, committed 110416K, reserved 1144832K
  class space    used 13410K, capacity 14453K, committed 14496K, reserved 1048576K
}
Event: 125.599 GC heap after
{Heap after GC invocations=46 (full 0):
 garbage-first heap   total 225280K, used 175965K [0x0000000080000000, 0x0000000100000000)
  region size 1024K, 2 young (2048K), 2 survivors (2048K)
 Metaspace       used 107545K, capacity 110296K, committed 110416K, reserved 1144832K
  class space    used 13410K, capacity 14453K, committed 14496K, reserved 1048576K
}
Event: 125.628 GC heap before
{Heap before GC invocations=46 (full 0):
 garbage-first heap   total 225280K, used 186205K [0x0000000080000000, 0x0000000100000000)
  region size 1024K, 12 young (12288K), 2 survivors (2048K)
 Metaspace       used 107545K, capacity 110296K, committed 110416K, reserved 1144832K
  class space    used 13410K, capacity 14453K, committed 14496K, reserved 1048576K
}
Event: 125.635 GC heap after
{Heap after GC invocations=47 (full 0):
 garbage-first heap   total 225280K, used 186368K [0x0000000080000000, 0x0000000100000000)
  region size 1024K, 2 young (2048K), 2 survivors (2048K)
 Metaspace       used 107545K, capacity 110296K, committed 110416K, reserved 1144832K
  class space    used 13410K, capacity 14453K, committed 14496K, reserved 1048576K
}
Event: 125.668 GC heap before
{Heap before GC invocations=47 (full 0):
 garbage-first heap   total 225280K, used 195584K [0x0000000080000000, 0x0000000100000000)
  region size 1024K, 11 young (11264K), 2 survivors (2048K)
 Metaspace       used 107545K, capacity 110296K, committed 110416K, reserved 1144832K
  class space    used 13410K, capacity 14453K, committed 14496K, reserved 1048576K
}
Event: 125.674 GC heap after
{Heap after GC invocations=48 (full 0):
 garbage-first heap   total 225280K, used 194788K [0x0000000080000000, 0x0000000100000000)
  region size 1024K, 2 young (2048K), 2 survivors (2048K)
 Metaspace       used 107545K, capacity 110296K, committed 110416K, reserved 1144832K
  class space    used 13410K, capacity 14453K, committed 14496K, reserved 1048576K
}
Event: 125.707 GC heap before
{Heap before GC invocations=48 (full 0):
 garbage-first heap   total 225280K, used 204004K [0x0000000080000000, 0x0000000100000000)
  region size 1024K, 11 young (11264K), 2 survivors (2048K)
 Metaspace       used 107545K, capacity 110296K, committed 110416K, reserved 1144832K
  class space    used 13410K, capacity 14453K, committed 14496K, reserved 1048576K
}
Event: 125.721 GC heap after
{Heap after GC invocations=49 (full 0):
 garbage-first heap   total 398336K, used 201728K [0x0000000080000000, 0x0000000100000000)
  region size 1024K, 2 young (2048K), 2 survivors (2048K)
 Metaspace       used 107545K, capacity 110296K, committed 110416K, reserved 1144832K
  class space    used 13410K, capacity 14453K, committed 14496K, reserved 1048576K
}
Event: 126.045 GC heap before
{Heap before GC invocations=50 (full 0):
 garbage-first heap   total 398336K, used 260096K [0x0000000080000000, 0x0000000100000000)
  region size 1024K, 59 young (60416K), 2 survivors (2048K)
 Metaspace       used 107624K, capacity 110425K, committed 110672K, reserved 1144832K
  class space    used 13410K, capacity 14453K, committed 14496K, reserved 1048576K
}
Event: 126.081 GC heap after
{Heap after GC invocations=51 (full 0):
 garbage-first heap   total 398336K, used 246096K [0x0000000080000000, 0x0000000100000000)
  region size 1024K, 8 young (8192K), 8 survivors (8192K)
 Metaspace       used 107624K, capacity 110425K, committed 110672K, reserved 1144832K
  class space    used 13410K, capacity 14453K, committed 14496K, reserved 1048576K
}
Event: 127.985 GC heap before
{Heap before GC invocations=51 (full 0):
 garbage-first heap   total 398336K, used 286032K [0x0000000080000000, 0x0000000100000000)
  region size 1024K, 47 young (48128K), 8 survivors (8192K)
 Metaspace       used 108266K, capacity 111123K, committed 111312K, reserved 1146880K
  class space    used 13498K, capacity 14555K, committed 14624K, reserved 1048576K
}
Event: 128.009 GC heap after
{Heap after GC invocations=52 (full 0):
 garbage-first heap   total 398336K, used 271872K [0x0000000080000000, 0x0000000100000000)
  region size 1024K, 6 young (6144K), 6 survivors (6144K)
 Metaspace       used 108266K, capacity 111123K, committed 111312K, reserved 1146880K
  class space    used 13498K, capacity 14555K, committed 14624K, reserved 1048576K
}
Event: 128.771 GC heap before
{Heap before GC invocations=53 (full 0):
 garbage-first heap   total 398336K, used 239104K [0x0000000080000000, 0x0000000100000000)
  region size 1024K, 36 young (36864K), 6 survivors (6144K)
 Metaspace       used 109566K, capacity 112397K, committed 112464K, reserved 1146880K
  class space    used 13636K, capacity 14721K, committed 14752K, reserved 1048576K
}
Event: 128.781 GC heap after
{Heap after GC invocations=54 (full 0):
 garbage-first heap   total 398336K, used 212636K [0x0000000080000000, 0x0000000100000000)
  region size 1024K, 4 young (4096K), 4 survivors (4096K)
 Metaspace       used 109566K, capacity 112397K, committed 112464K, reserved 1146880K
  class space    used 13636K, capacity 14721K, committed 14752K, reserved 1048576K
}
Event: 128.891 GC heap before
{Heap before GC invocations=54 (full 0):
 garbage-first heap   total 398336K, used 226972K [0x0000000080000000, 0x0000000100000000)
  region size 1024K, 19 young (19456K), 4 survivors (4096K)
 Metaspace       used 109773K, capacity 112596K, committed 112720K, reserved 1146880K
  class space    used 13659K, capacity 14723K, committed 14752K, reserved 1048576K
}
Event: 128.908 GC heap after
{Heap after GC invocations=55 (full 0):
 garbage-first heap   total 398336K, used 176666K [0x0000000080000000, 0x0000000100000000)
  region size 1024K, 1 young (1024K), 1 survivors (1024K)
 Metaspace       used 109773K, capacity 112596K, committed 112720K, reserved 1146880K
  class space    used 13659K, capacity 14723K, committed 14752K, reserved 1048576K
}
Event: 129.285 GC heap before
{Heap before GC invocations=55 (full 0):
 garbage-first heap   total 398336K, used 194074K [0x0000000080000000, 0x0000000100000000)
  region size 1024K, 19 young (19456K), 1 survivors (1024K)
 Metaspace       used 110153K, capacity 112959K, committed 113104K, reserved 1146880K
  class space    used 13682K, capacity 14758K, committed 14880K, reserved 1048576K
}

