# JRE version: OpenJDK Runtime Environment (11.0.13) (build 11.0.13+0-b1751.21-8125866)
# Java VM: OpenJDK 64-Bit Server VM (11.0.13+0-b1751.21-8125866, mixed mode, tiered, compressed oops, g1 gc, windows-amd64)
Heap:
 garbage-first heap   total 155648K, used 98288K [0x0000000080000000, 0x0000000100000000)
  region size 1024K, 21 young (21504K), 8 survivors (8192K)
 Metaspace       used 86342K, capacity 88624K, committed 88788K, reserved 1126400K
  class space    used 11219K, capacity 12110K, committed 12236K, reserved 1048576K
GC Heap History (20 events):
Event: 18.721 GC heap before
{Heap before GC invocations=12 (full 0):
 garbage-first heap   total 129024K, used 98746K [0x0000000080000000, 0x0000000100000000)
  region size 1024K, 65 young (66560K), 5 survivors (5120K)
 Metaspace       used 54906K, capacity 56321K, committed 56656K, reserved 1097728K
  class space    used 6954K, capacity 7495K, committed 7628K, reserved 1048576K
}
Event: 18.736 GC heap after
{Heap after GC invocations=13 (full 0):
 garbage-first heap   total 129024K, used 45472K [0x0000000080000000, 0x0000000100000000)
  region size 1024K, 9 young (9216K), 9 survivors (9216K)
 Metaspace       used 54906K, capacity 56321K, committed 56656K, reserved 1097728K
  class space    used 6954K, capacity 7495K, committed 7628K, reserved 1048576K
}
Event: 20.246 GC heap before
{Heap before GC invocations=13 (full 0):
 garbage-first heap   total 129024K, used 97696K [0x0000000080000000, 0x0000000100000000)
  region size 1024K, 61 young (62464K), 9 survivors (9216K)
 Metaspace       used 62039K, capacity 63611K, committed 63824K, reserved 1105920K
  class space    used 7793K, capacity 8384K, committed 8396K, reserved 1048576K
}
Event: 20.259 GC heap after
{Heap after GC invocations=14 (full 0):
 garbage-first heap   total 129024K, used 50248K [0x0000000080000000, 0x0000000100000000)
  region size 1024K, 5 young (5120K), 5 survivors (5120K)
 Metaspace       used 62039K, capacity 63611K, committed 63824K, reserved 1105920K
  class space    used 7793K, capacity 8384K, committed 8396K, reserved 1048576K
}
Event: 21.243 GC heap before
{Heap before GC invocations=14 (full 0):
 garbage-first heap   total 129024K, used 100424K [0x0000000080000000, 0x0000000100000000)
  region size 1024K, 54 young (55296K), 5 survivors (5120K)
 Metaspace       used 65292K, capacity 66814K, committed 67152K, reserved 1107968K
  class space    used 8234K, capacity 8799K, committed 8908K, reserved 1048576K
}
Event: 21.252 GC heap after
{Heap after GC invocations=15 (full 0):
 garbage-first heap   total 129024K, used 53473K [0x0000000080000000, 0x0000000100000000)
  region size 1024K, 4 young (4096K), 4 survivors (4096K)
 Metaspace       used 65292K, capacity 66814K, committed 67152K, reserved 1107968K
  class space    used 8234K, capacity 8799K, committed 8908K, reserved 1048576K
}
Event: 22.025 GC heap before
{Heap before GC invocations=15 (full 0):
 garbage-first heap   total 129024K, used 102625K [0x0000000080000000, 0x0000000100000000)
  region size 1024K, 52 young (53248K), 4 survivors (4096K)
 Metaspace       used 67358K, capacity 69017K, committed 69200K, reserved 1110016K
  class space    used 8517K, capacity 9126K, committed 9164K, reserved 1048576K
}
Event: 22.034 GC heap after
{Heap after GC invocations=16 (full 0):
 garbage-first heap   total 129024K, used 56711K [0x0000000080000000, 0x0000000100000000)
  region size 1024K, 7 young (7168K), 7 survivors (7168K)
 Metaspace       used 67358K, capacity 69017K, committed 69200K, reserved 1110016K
  class space    used 8517K, capacity 9126K, committed 9164K, reserved 1048576K
}
Event: 23.592 GC heap before
{Heap before GC invocations=16 (full 0):
 garbage-first heap   total 129024K, used 103815K [0x0000000080000000, 0x0000000100000000)
  region size 1024K, 53 young (54272K), 7 survivors (7168K)
 Metaspace       used 72446K, capacity 74103K, committed 74192K, reserved 1114112K
  class space    used 9349K, capacity 9997K, committed 10060K, reserved 1048576K
}
Event: 23.603 GC heap after
{Heap after GC invocations=17 (full 0):
 garbage-first heap   total 129024K, used 59854K [0x0000000080000000, 0x0000000100000000)
  region size 1024K, 7 young (7168K), 7 survivors (7168K)
 Metaspace       used 72446K, capacity 74103K, committed 74192K, reserved 1114112K
  class space    used 9349K, capacity 9997K, committed 10060K, reserved 1048576K
}
Event: 25.080 GC heap before
{Heap before GC invocations=17 (full 0):
 garbage-first heap   total 129024K, used 95694K [0x0000000080000000, 0x0000000100000000)
  region size 1024K, 43 young (44032K), 7 survivors (7168K)
 Metaspace       used 75655K, capacity 77385K, committed 77520K, reserved 1116160K
  class space    used 9774K, capacity 10458K, committed 10572K, reserved 1048576K
}
Event: 25.100 GC heap after
{Heap after GC invocations=18 (full 0):
 garbage-first heap   total 129024K, used 62065K [0x0000000080000000, 0x0000000100000000)
  region size 1024K, 6 young (6144K), 6 survivors (6144K)
 Metaspace       used 75655K, capacity 77385K, committed 77520K, reserved 1116160K
  class space    used 9774K, capacity 10458K, committed 10572K, reserved 1048576K
}
Event: 26.678 GC heap before
{Heap before GC invocations=19 (full 0):
 garbage-first heap   total 129024K, used 104049K [0x0000000080000000, 0x0000000100000000)
  region size 1024K, 47 young (48128K), 6 survivors (6144K)
 Metaspace       used 80195K, capacity 82097K, committed 82132K, reserved 1120256K
  class space    used 10456K, capacity 11189K, committed 11212K, reserved 1048576K
}
Event: 26.693 GC heap after
{Heap after GC invocations=20 (full 0):
 garbage-first heap   total 129024K, used 65684K [0x0000000080000000, 0x0000000100000000)
  region size 1024K, 6 young (6144K), 6 survivors (6144K)
 Metaspace       used 80195K, capacity 82097K, committed 82132K, reserved 1120256K
  class space    used 10456K, capacity 11189K, committed 11212K, reserved 1048576K
}
Event: 27.790 GC heap before
{Heap before GC invocations=20 (full 0):
 garbage-first heap   total 129024K, used 104596K [0x0000000080000000, 0x0000000100000000)
  region size 1024K, 45 young (46080K), 6 survivors (6144K)
 Metaspace       used 81694K, capacity 84027K, committed 84180K, reserved 1122304K
  class space    used 10732K, capacity 11617K, committed 11724K, reserved 1048576K
}
Event: 27.806 GC heap after
{Heap after GC invocations=21 (full 0):
 garbage-first heap   total 129024K, used 68269K [0x0000000080000000, 0x0000000100000000)
  region size 1024K, 4 young (4096K), 4 survivors (4096K)
 Metaspace       used 81694K, capacity 84027K, committed 84180K, reserved 1122304K
  class space    used 10732K, capacity 11617K, committed 11724K, reserved 1048576K
}
Event: 28.686 GC heap before
{Heap before GC invocations=22 (full 0):
 garbage-first heap   total 129024K, used 105133K [0x0000000080000000, 0x0000000100000000)
  region size 1024K, 41 young (41984K), 4 survivors (4096K)
 Metaspace       used 82070K, capacity 84443K, committed 84692K, reserved 1122304K
  class space    used 10744K, capacity 11634K, committed 11724K, reserved 1048576K
}
Event: 28.696 GC heap after
{Heap after GC invocations=23 (full 0):
 garbage-first heap   total 155648K, used 70231K [0x0000000080000000, 0x0000000100000000)
  region size 1024K, 6 young (6144K), 6 survivors (6144K)
 Metaspace       used 82070K, capacity 84443K, committed 84692K, reserved 1122304K
  class space    used 10744K, capacity 11634K, committed 11724K, reserved 1048576K
}
Event: 31.058 GC heap before
{Heap before GC invocations=23 (full 0):
 garbage-first heap   total 155648K, used 125527K [0x0000000080000000, 0x0000000100000000)
  region size 1024K, 59 young (60416K), 6 survivors (6144K)
 Metaspace       used 84464K, capacity 86749K, committed 86996K, reserved 1124352K
  class space    used 10968K, capacity 11847K, committed 11980K, reserved 1048576K
}
Event: 31.081 GC heap after
{Heap after GC invocations=24 (full 0):
 garbage-first heap   total 155648K, used 86000K [0x0000000080000000, 0x0000000100000000)
  region size 1024K, 8 young (8192K), 8 survivors (8192K)
 Metaspace       used 84464K, capacity 86749K, committed 86996K, reserved 1124352K
  class space    used 10968K, capacity 11847K, committed 11980K, reserved 1048576K
}

