# JRE version: OpenJDK Runtime Environment (11.0.13) (build 11.0.13+0-b1751.21-8125866)
# Java VM: OpenJDK 64-Bit Server VM (11.0.13+0-b1751.21-8125866, mixed mode, tiered, compressed oops, g1 gc, windows-amd64)
Heap:
 garbage-first heap   total 129024K, used 94948K [0x0000000080000000, 0x0000000100000000)
  region size 1024K, 44 young (45056K), 6 survivors (6144K)
 Metaspace       used 72126K, capacity 73867K, committed 74192K, reserved 1114112K
  class space    used 9311K, capacity 9963K, committed 10060K, reserved 1048576K
GC Heap History (20 events):
Event: 9.735 GC heap before
{Heap before GC invocations=5 (full 0):
 garbage-first heap   total 129024K, used 73425K [0x0000000080000000, 0x0000000100000000)
  region size 1024K, 56 young (57344K), 2 survivors (2048K)
 Metaspace       used 26796K, capacity 27435K, committed 27772K, reserved 1073152K
  class space    used 3447K, capacity 3670K, committed 3788K, reserved 1048576K
}
Event: 9.741 GC heap after
{Heap after GC invocations=6 (full 0):
 garbage-first heap   total 129024K, used 19881K [0x0000000080000000, 0x0000000100000000)
  region size 1024K, 4 young (4096K), 4 survivors (4096K)
 Metaspace       used 26796K, capacity 27435K, committed 27772K, reserved 1073152K
  class space    used 3447K, capacity 3670K, committed 3788K, reserved 1048576K
}
Event: 10.807 GC heap before
{Heap before GC invocations=6 (full 0):
 garbage-first heap   total 129024K, used 77225K [0x0000000080000000, 0x0000000100000000)
  region size 1024K, 61 young (62464K), 4 survivors (4096K)
 Metaspace       used 35085K, capacity 35878K, committed 35964K, reserved 1081344K
  class space    used 4481K, capacity 4784K, committed 4812K, reserved 1048576K
}
Event: 10.821 GC heap after
{Heap after GC invocations=7 (full 0):
 garbage-first heap   total 129024K, used 23383K [0x0000000080000000, 0x0000000100000000)
  region size 1024K, 7 young (7168K), 7 survivors (7168K)
 Metaspace       used 35085K, capacity 35878K, committed 35964K, reserved 1081344K
  class space    used 4481K, capacity 4784K, committed 4812K, reserved 1048576K
}
Event: 11.839 GC heap before
{Heap before GC invocations=8 (full 0):
 garbage-first heap   total 129024K, used 95063K [0x0000000080000000, 0x0000000100000000)
  region size 1024K, 75 young (76800K), 7 survivors (7168K)
 Metaspace       used 40675K, capacity 41604K, committed 41852K, reserved 1085440K
  class space    used 5115K, capacity 5451K, committed 5580K, reserved 1048576K
}
Event: 11.854 GC heap after
{Heap after GC invocations=9 (full 0):
 garbage-first heap   total 129024K, used 29539K [0x0000000080000000, 0x0000000100000000)
  region size 1024K, 10 young (10240K), 10 survivors (10240K)
 Metaspace       used 40675K, capacity 41604K, committed 41852K, reserved 1085440K
  class space    used 5115K, capacity 5451K, committed 5580K, reserved 1048576K
}
Event: 12.634 GC heap before
{Heap before GC invocations=9 (full 0):
 garbage-first heap   total 129024K, used 93027K [0x0000000080000000, 0x0000000100000000)
  region size 1024K, 71 young (72704K), 10 survivors (10240K)
 Metaspace       used 46131K, capacity 47258K, committed 47484K, reserved 1091584K
  class space    used 5850K, capacity 6261K, committed 6348K, reserved 1048576K
}
Event: 12.644 GC heap after
{Heap after GC invocations=10 (full 0):
 garbage-first heap   total 129024K, used 30713K [0x0000000080000000, 0x0000000100000000)
  region size 1024K, 3 young (3072K), 3 survivors (3072K)
 Metaspace       used 46131K, capacity 47258K, committed 47484K, reserved 1091584K
  class space    used 5850K, capacity 6261K, committed 6348K, reserved 1048576K
}
Event: 14.461 GC heap before
{Heap before GC invocations=10 (full 0):
 garbage-first heap   total 129024K, used 99321K [0x0000000080000000, 0x0000000100000000)
  region size 1024K, 67 young (68608K), 3 survivors (3072K)
 Metaspace       used 48724K, capacity 49914K, committed 50172K, reserved 1093632K
  class space    used 6165K, capacity 6608K, committed 6732K, reserved 1048576K
}
Event: 14.471 GC heap after
{Heap after GC invocations=11 (full 0):
 garbage-first heap   total 129024K, used 43665K [0x0000000080000000, 0x0000000100000000)
  region size 1024K, 9 young (9216K), 9 survivors (9216K)
 Metaspace       used 48724K, capacity 49914K, committed 50172K, reserved 1093632K
  class space    used 6165K, capacity 6608K, committed 6732K, reserved 1048576K
}
Event: 15.556 GC heap before
{Heap before GC invocations=11 (full 0):
 garbage-first heap   total 129024K, used 96913K [0x0000000080000000, 0x0000000100000000)
  region size 1024K, 61 young (62464K), 9 survivors (9216K)
 Metaspace       used 55755K, capacity 57207K, committed 57468K, reserved 1099776K
  class space    used 7029K, capacity 7578K, committed 7628K, reserved 1048576K
}
Event: 15.567 GC heap after
{Heap after GC invocations=12 (full 0):
 garbage-first heap   total 129024K, used 47044K [0x0000000080000000, 0x0000000100000000)
  region size 1024K, 3 young (3072K), 3 survivors (3072K)
 Metaspace       used 55755K, capacity 57207K, committed 57468K, reserved 1099776K
  class space    used 7029K, capacity 7578K, committed 7628K, reserved 1048576K
}
Event: 16.092 GC heap before
{Heap before GC invocations=12 (full 0):
 garbage-first heap   total 129024K, used 64452K [0x0000000080000000, 0x0000000100000000)
  region size 1024K, 21 young (21504K), 3 survivors (3072K)
 Metaspace       used 58825K, capacity 60329K, committed 60368K, reserved 1101824K
  class space    used 7416K, capacity 7997K, committed 8012K, reserved 1048576K
}
Event: 16.098 GC heap after
{Heap after GC invocations=13 (full 0):
 garbage-first heap   total 129024K, used 47458K [0x0000000080000000, 0x0000000100000000)
  region size 1024K, 4 young (4096K), 4 survivors (4096K)
 Metaspace       used 58825K, capacity 60329K, committed 60368K, reserved 1101824K
  class space    used 7416K, capacity 7997K, committed 8012K, reserved 1048576K
}
Event: 17.055 GC heap before
{Heap before GC invocations=14 (full 0):
 garbage-first heap   total 129024K, used 93538K [0x0000000080000000, 0x0000000100000000)
  region size 1024K, 50 young (51200K), 4 survivors (4096K)
 Metaspace       used 63117K, capacity 64568K, committed 64720K, reserved 1105920K
  class space    used 7916K, capacity 8487K, committed 8524K, reserved 1048576K
}
Event: 17.067 GC heap after
{Heap after GC invocations=15 (full 0):
 garbage-first heap   total 129024K, used 51377K [0x0000000080000000, 0x0000000100000000)
  region size 1024K, 7 young (7168K), 7 survivors (7168K)
 Metaspace       used 63117K, capacity 64568K, committed 64720K, reserved 1105920K
  class space    used 7916K, capacity 8487K, committed 8524K, reserved 1048576K
}
Event: 17.731 GC heap before
{Heap before GC invocations=16 (full 0):
 garbage-first heap   total 129024K, used 98481K [0x0000000080000000, 0x0000000100000000)
  region size 1024K, 52 young (53248K), 7 survivors (7168K)
 Metaspace       used 65175K, capacity 66748K, committed 66896K, reserved 1107968K
  class space    used 8217K, capacity 8801K, committed 8908K, reserved 1048576K
}
Event: 17.740 GC heap after
{Heap after GC invocations=17 (full 0):
 garbage-first heap   total 129024K, used 54607K [0x0000000080000000, 0x0000000100000000)
  region size 1024K, 4 young (4096K), 4 survivors (4096K)
 Metaspace       used 65175K, capacity 66748K, committed 66896K, reserved 1107968K
  class space    used 8217K, capacity 8801K, committed 8908K, reserved 1048576K
}
Event: 18.539 GC heap before
{Heap before GC invocations=17 (full 0):
 garbage-first heap   total 129024K, used 99663K [0x0000000080000000, 0x0000000100000000)
  region size 1024K, 48 young (49152K), 4 survivors (4096K)
 Metaspace       used 68183K, capacity 69733K, committed 69840K, reserved 1110016K
  class space    used 8684K, capacity 9261K, committed 9292K, reserved 1048576K
}
Event: 18.548 GC heap after
{Heap after GC invocations=18 (full 0):
 garbage-first heap   total 129024K, used 57060K [0x0000000080000000, 0x0000000100000000)
  region size 1024K, 6 young (6144K), 6 survivors (6144K)
 Metaspace       used 68183K, capacity 69733K, committed 69840K, reserved 1110016K
  class space    used 8684K, capacity 9261K, committed 9292K, reserved 1048576K
}

